<?xml version="1.0" encoding="UTF-8"?>
<!-- Generated by org.testng.reporters.JUnitReportReporter -->
<testsuite hostname="swapnil-PC" failures="0" tests="1" name="POM.TestAuthentication" time="93.981" errors="0" timestamp="14 Jul 2018 07:53:24 GMT" skipped="0">
  <testcase classname="POM.TestAuthentication" name="verifyAuthentication" time="93.981"/>
</testsuite> <!-- POM.TestAuthentication -->
